<?xml version="1.0" encoding="UTF-8"?>
<testng-results ignored="0" total="4" passed="2" failed="2" skipped="0">
  <reporter-output>
  </reporter-output>
  <suite started-at="2024-03-24T09:02:37 IST" name="Suite" finished-at="2024-03-24T09:03:59 IST" duration-ms="82352">
    <groups>
      <group name="regression">
        <method signature="LoginPageDDT.verifyLoginUserDDT(java.lang.String,java.lang.String,java.lang.String)[pri:0, instance:com.parabank.testCases.LoginPageDDT@4fb0f2b9]" name="verifyLoginUserDDT" class="com.parabank.testCases.LoginPageDDT"/>
        <method signature="TC003_AccountRegister_DDT.verify_AccountRegistrationDDT(java.lang.String,java.lang.String,java.lang.String,java.lang.String,java.lang.String,java.lang.String,java.lang.String,java.lang.String,java.lang.String,java.lang.String,java.lang.String,java.lang.String)[pri:0, instance:com.parabank.testCases.TC003_AccountRegister_DDT@4f18837a]" name="verify_AccountRegistrationDDT" class="com.parabank.testCases.TC003_AccountRegister_DDT"/>
      </group> <!-- regression -->
      <group name="sanity">
        <method signature="TC003_AccountRegister_DDT.verify_AccountRegistrationDDT(java.lang.String,java.lang.String,java.lang.String,java.lang.String,java.lang.String,java.lang.String,java.lang.String,java.lang.String,java.lang.String,java.lang.String,java.lang.String,java.lang.String)[pri:0, instance:com.parabank.testCases.TC003_AccountRegister_DDT@4f18837a]" name="verify_AccountRegistrationDDT" class="com.parabank.testCases.TC003_AccountRegister_DDT"/>
      </group> <!-- sanity -->
    </groups>
    <test started-at="2024-03-24T09:02:37 IST" name="Test" finished-at="2024-03-24T09:03:59 IST" duration-ms="82352">
      <class name="com.parabank.testCases.LoginPageDDT">
        <test-method is-config="true" signature="setUp(java.lang.String,java.lang.String)[pri:0, instance:com.parabank.testCases.LoginPageDDT@4fb0f2b9]" started-at="2024-03-24T09:03:50 IST" name="setUp" finished-at="2024-03-24T09:03:55 IST" duration-ms="4636" status="PASS">
          <params>
            <param index="0">
              <value>
                <![CDATA[windows]]>
              </value>
            </param>
            <param index="1">
              <value>
                <![CDATA[chrome]]>
              </value>
            </param>
          </params>
          <reporter-output>
          </reporter-output>
        </test-method> <!-- setUp -->
        <test-method signature="verifyLoginUserDDT(java.lang.String,java.lang.String,java.lang.String)[pri:0, instance:com.parabank.testCases.LoginPageDDT@4fb0f2b9]" started-at="2024-03-24T09:03:55 IST" name="verifyLoginUserDDT" data-provider="LoginData" finished-at="2024-03-24T09:03:57 IST" duration-ms="2156" status="PASS">
          <params>
            <param index="0">
              <value>
                <![CDATA[sankarsubash]]>
              </value>
            </param>
            <param index="1">
              <value>
                <![CDATA[sankar123]]>
              </value>
            </param>
            <param index="2">
              <value>
                <![CDATA[pass]]>
              </value>
            </param>
          </params>
          <reporter-output>
          </reporter-output>
        </test-method> <!-- verifyLoginUserDDT -->
        <test-method signature="verifyLoginUserDDT(java.lang.String,java.lang.String,java.lang.String)[pri:0, instance:com.parabank.testCases.LoginPageDDT@4fb0f2b9]" started-at="2024-03-24T09:03:57 IST" name="verifyLoginUserDDT" data-provider="LoginData" finished-at="2024-03-24T09:03:59 IST" duration-ms="2112" status="PASS">
          <params>
            <param index="0">
              <value>
                <![CDATA[annamaria]]>
              </value>
            </param>
            <param index="1">
              <value>
                <![CDATA[anna123]]>
              </value>
            </param>
            <param index="2">
              <value>
                <![CDATA[pass]]>
              </value>
            </param>
          </params>
          <reporter-output>
          </reporter-output>
        </test-method> <!-- verifyLoginUserDDT -->
        <test-method is-config="true" signature="tearDown()[pri:0, instance:com.parabank.testCases.LoginPageDDT@4fb0f2b9]" started-at="2024-03-24T09:03:59 IST" name="tearDown" finished-at="2024-03-24T09:03:59 IST" duration-ms="160" status="PASS">
          <reporter-output>
          </reporter-output>
        </test-method> <!-- tearDown -->
      </class> <!-- com.parabank.testCases.LoginPageDDT -->
      <class name="com.parabank.testCases.TC003_AccountRegister_DDT">
        <test-method is-config="true" signature="setUp(java.lang.String,java.lang.String)[pri:0, instance:com.parabank.testCases.TC003_AccountRegister_DDT@4f18837a]" started-at="2024-03-24T09:02:37 IST" name="setUp" finished-at="2024-03-24T09:03:08 IST" duration-ms="30668" status="PASS">
          <params>
            <param index="0">
              <value>
                <![CDATA[windows]]>
              </value>
            </param>
            <param index="1">
              <value>
                <![CDATA[chrome]]>
              </value>
            </param>
          </params>
          <reporter-output>
          </reporter-output>
        </test-method> <!-- setUp -->
        <test-method signature="verify_AccountRegistrationDDT(java.lang.String,java.lang.String,java.lang.String,java.lang.String,java.lang.String,java.lang.String,java.lang.String,java.lang.String,java.lang.String,java.lang.String,java.lang.String,java.lang.String)[pri:0, instance:com.parabank.testCases.TC003_AccountRegister_DDT@4f18837a]" started-at="2024-03-24T09:03:09 IST" name="verify_AccountRegistrationDDT" data-provider="RegisterData" finished-at="2024-03-24T09:03:45 IST" duration-ms="35608" status="FAIL">
          <params>
            <param index="0">
              <value>
                <![CDATA[sankar]]>
              </value>
            </param>
            <param index="1">
              <value>
                <![CDATA[Raj]]>
              </value>
            </param>
            <param index="2">
              <value>
                <![CDATA[aaa]]>
              </value>
            </param>
            <param index="3">
              <value>
                <![CDATA[Ernakulam]]>
              </value>
            </param>
            <param index="4">
              <value>
                <![CDATA[Kerala]]>
              </value>
            </param>
            <param index="5">
              <value>
                <![CDATA[12334]]>
              </value>
            </param>
            <param index="6">
              <value>
                <![CDATA[7278672345]]>
              </value>
            </param>
            <param index="7">
              <value>
                <![CDATA[34677]]>
              </value>
            </param>
            <param index="8">
              <value>
                <![CDATA[sankarsubash]]>
              </value>
            </param>
            <param index="9">
              <value>
                <![CDATA[sankar123]]>
              </value>
            </param>
            <param index="10">
              <value>
                <![CDATA[sankar123]]>
              </value>
            </param>
            <param index="11">
              <value>
                <![CDATA[valid]]>
              </value>
            </param>
          </params>
          <exception class="java.lang.AssertionError">
            <message>
              <![CDATA[null]]>
            </message>
            <full-stacktrace>
              <![CDATA[java.lang.AssertionError: null
at org.testng.Assert.fail(Assert.java:111)
at org.testng.Assert.fail(Assert.java:116)
at com.parabank.testCases.TC003_AccountRegister_DDT.verify_AccountRegistrationDDT(TC003_AccountRegister_DDT.java:53)
at java.base/jdk.internal.reflect.DirectMethodHandleAccessor.invoke(DirectMethodHandleAccessor.java:103)
at java.base/java.lang.reflect.Method.invoke(Method.java:580)
at org.testng.internal.invokers.MethodInvocationHelper.invokeMethod(MethodInvocationHelper.java:139)
at org.testng.internal.invokers.TestInvoker.invokeMethod(TestInvoker.java:664)
at org.testng.internal.invokers.TestInvoker.invokeTestMethod(TestInvoker.java:228)
at org.testng.internal.invokers.MethodRunner.runInSequence(MethodRunner.java:63)
at org.testng.internal.invokers.TestInvoker$MethodInvocationAgent.invoke(TestInvoker.java:961)
at org.testng.internal.invokers.TestInvoker.invokeTestMethods(TestInvoker.java:201)
at org.testng.internal.invokers.TestMethodWorker.invokeTestMethods(TestMethodWorker.java:148)
at org.testng.internal.invokers.TestMethodWorker.run(TestMethodWorker.java:128)
at java.base/java.util.ArrayList.forEach(ArrayList.java:1596)
at org.testng.TestRunner.privateRun(TestRunner.java:819)
at org.testng.TestRunner.run(TestRunner.java:619)
at org.testng.SuiteRunner.runTest(SuiteRunner.java:443)
at org.testng.SuiteRunner.runSequentially(SuiteRunner.java:437)
at org.testng.SuiteRunner.privateRun(SuiteRunner.java:397)
at org.testng.SuiteRunner.run(SuiteRunner.java:336)
at org.testng.SuiteRunnerWorker.runSuite(SuiteRunnerWorker.java:52)
at org.testng.SuiteRunnerWorker.run(SuiteRunnerWorker.java:95)
at org.testng.TestNG.runSuitesSequentially(TestNG.java:1301)
at org.testng.TestNG.runSuitesLocally(TestNG.java:1228)
at org.testng.TestNG.runSuites(TestNG.java:1134)
at org.testng.TestNG.run(TestNG.java:1101)
at org.apache.maven.surefire.testng.TestNGExecutor.run(TestNGExecutor.java:308)
at org.apache.maven.surefire.testng.TestNGXmlTestSuite.execute(TestNGXmlTestSuite.java:71)
at org.apache.maven.surefire.testng.TestNGProvider.invoke(TestNGProvider.java:113)
at org.apache.maven.surefire.booter.ForkedBooter.runSuitesInProcess(ForkedBooter.java:385)
at org.apache.maven.surefire.booter.ForkedBooter.execute(ForkedBooter.java:162)
at org.apache.maven.surefire.booter.ForkedBooter.run(ForkedBooter.java:507)
at org.apache.maven.surefire.booter.ForkedBooter.main(ForkedBooter.java:495)
]]>
            </full-stacktrace>
          </exception> <!-- java.lang.AssertionError -->
          <reporter-output>
          </reporter-output>
        </test-method> <!-- verify_AccountRegistrationDDT -->
        <test-method signature="verify_AccountRegistrationDDT(java.lang.String,java.lang.String,java.lang.String,java.lang.String,java.lang.String,java.lang.String,java.lang.String,java.lang.String,java.lang.String,java.lang.String,java.lang.String,java.lang.String)[pri:0, instance:com.parabank.testCases.TC003_AccountRegister_DDT@4f18837a]" started-at="2024-03-24T09:03:46 IST" name="verify_AccountRegistrationDDT" data-provider="RegisterData" finished-at="2024-03-24T09:03:49 IST" duration-ms="3911" status="FAIL">
          <params>
            <param index="0">
              <value>
                <![CDATA[Anna]]>
              </value>
            </param>
            <param index="1">
              <value>
                <![CDATA[Nair]]>
              </value>
            </param>
            <param index="2">
              <value>
                <![CDATA[bbb]]>
              </value>
            </param>
            <param index="3">
              <value>
                <![CDATA[Kochi]]>
              </value>
            </param>
            <param index="4">
              <value>
                <![CDATA[Kerala]]>
              </value>
            </param>
            <param index="5">
              <value>
                <![CDATA[454678]]>
              </value>
            </param>
            <param index="6">
              <value>
                <![CDATA[46788467866]]>
              </value>
            </param>
            <param index="7">
              <value>
                <![CDATA[46776]]>
              </value>
            </param>
            <param index="8">
              <value>
                <![CDATA[annamaria]]>
              </value>
            </param>
            <param index="9">
              <value>
                <![CDATA[anna123]]>
              </value>
            </param>
            <param index="10">
              <value>
                <![CDATA[anna123]]>
              </value>
            </param>
            <param index="11">
              <value>
                <![CDATA[valid]]>
              </value>
            </param>
          </params>
          <exception class="java.lang.AssertionError">
            <message>
              <![CDATA[null]]>
            </message>
            <full-stacktrace>
              <![CDATA[java.lang.AssertionError: null
at org.testng.Assert.fail(Assert.java:111)
at org.testng.Assert.fail(Assert.java:116)
at com.parabank.testCases.TC003_AccountRegister_DDT.verify_AccountRegistrationDDT(TC003_AccountRegister_DDT.java:53)
at java.base/jdk.internal.reflect.DirectMethodHandleAccessor.invoke(DirectMethodHandleAccessor.java:103)
at java.base/java.lang.reflect.Method.invoke(Method.java:580)
at org.testng.internal.invokers.MethodInvocationHelper.invokeMethod(MethodInvocationHelper.java:139)
at org.testng.internal.invokers.TestInvoker.invokeMethod(TestInvoker.java:664)
at org.testng.internal.invokers.TestInvoker.invokeTestMethod(TestInvoker.java:228)
at org.testng.internal.invokers.MethodRunner.runInSequence(MethodRunner.java:63)
at org.testng.internal.invokers.TestInvoker$MethodInvocationAgent.invoke(TestInvoker.java:961)
at org.testng.internal.invokers.TestInvoker.invokeTestMethods(TestInvoker.java:201)
at org.testng.internal.invokers.TestMethodWorker.invokeTestMethods(TestMethodWorker.java:148)
at org.testng.internal.invokers.TestMethodWorker.run(TestMethodWorker.java:128)
at java.base/java.util.ArrayList.forEach(ArrayList.java:1596)
at org.testng.TestRunner.privateRun(TestRunner.java:819)
at org.testng.TestRunner.run(TestRunner.java:619)
at org.testng.SuiteRunner.runTest(SuiteRunner.java:443)
at org.testng.SuiteRunner.runSequentially(SuiteRunner.java:437)
at org.testng.SuiteRunner.privateRun(SuiteRunner.java:397)
at org.testng.SuiteRunner.run(SuiteRunner.java:336)
at org.testng.SuiteRunnerWorker.runSuite(SuiteRunnerWorker.java:52)
at org.testng.SuiteRunnerWorker.run(SuiteRunnerWorker.java:95)
at org.testng.TestNG.runSuitesSequentially(TestNG.java:1301)
at org.testng.TestNG.runSuitesLocally(TestNG.java:1228)
at org.testng.TestNG.runSuites(TestNG.java:1134)
at org.testng.TestNG.run(TestNG.java:1101)
at org.apache.maven.surefire.testng.TestNGExecutor.run(TestNGExecutor.java:308)
at org.apache.maven.surefire.testng.TestNGXmlTestSuite.execute(TestNGXmlTestSuite.java:71)
at org.apache.maven.surefire.testng.TestNGProvider.invoke(TestNGProvider.java:113)
at org.apache.maven.surefire.booter.ForkedBooter.runSuitesInProcess(ForkedBooter.java:385)
at org.apache.maven.surefire.booter.ForkedBooter.execute(ForkedBooter.java:162)
at org.apache.maven.surefire.booter.ForkedBooter.run(ForkedBooter.java:507)
at org.apache.maven.surefire.booter.ForkedBooter.main(ForkedBooter.java:495)
]]>
            </full-stacktrace>
          </exception> <!-- java.lang.AssertionError -->
          <reporter-output>
          </reporter-output>
        </test-method> <!-- verify_AccountRegistrationDDT -->
        <test-method is-config="true" signature="tearDown()[pri:0, instance:com.parabank.testCases.TC003_AccountRegister_DDT@4f18837a]" started-at="2024-03-24T09:03:50 IST" name="tearDown" finished-at="2024-03-24T09:03:50 IST" duration-ms="127" status="PASS">
          <reporter-output>
          </reporter-output>
        </test-method> <!-- tearDown -->
      </class> <!-- com.parabank.testCases.TC003_AccountRegister_DDT -->
    </test> <!-- Test -->
  </suite> <!-- Suite -->
</testng-results>
